<?xml version="1.0" encoding="UTF-8"?>
<testng-results ignored="4" total="15" passed="8" failed="3" skipped="0">
  <reporter-output>
  </reporter-output>
  <suite started-at="2024-02-28T16:26:12 IST" name="Suite" finished-at="2024-02-28T16:29:39 IST" duration-ms="207234">
    <groups>
      <group name="regression">
        <method signature="TC_02LanguageLearning.lang_learn()[pri:5, instance:TestCases.TC_02LanguageLearning@2925bf5b]" name="lang_learn" class="TestCases.TC_02LanguageLearning"/>
        <method signature="TC_02LanguageLearning.levels()[pri:6, instance:TestCases.TC_02LanguageLearning@2925bf5b]" name="levels" class="TestCases.TC_02LanguageLearning"/>
        <method signature="TC_02LanguageLearning.languages()[pri:7, instance:TestCases.TC_02LanguageLearning@2925bf5b]" name="languages" class="TestCases.TC_02LanguageLearning"/>
        <method signature="TC_02LanguageLearning.enterprise()[pri:8, instance:TestCases.TC_02LanguageLearning@2925bf5b]" name="enterprise" class="TestCases.TC_02LanguageLearning"/>
      </group> <!-- regression -->
      <group name="sanity">
        <method signature="TC_01WebDevelopmentCourses.search()[pri:0, instance:TestCases.TC_01WebDevelopmentCourses@5dda768f]" name="search" class="TestCases.TC_01WebDevelopmentCourses"/>
        <method signature="TC_01WebDevelopmentCourses.filters()[pri:1, instance:TestCases.TC_01WebDevelopmentCourses@5dda768f]" name="filters" class="TestCases.TC_01WebDevelopmentCourses"/>
        <method signature="TC_01WebDevelopmentCourses.courses()[pri:2, instance:TestCases.TC_01WebDevelopmentCourses@5dda768f]" name="courses" class="TestCases.TC_01WebDevelopmentCourses"/>
        <method signature="TC_01WebDevelopmentCourses.firstcourse()[pri:3, instance:TestCases.TC_01WebDevelopmentCourses@5dda768f]" name="firstcourse" class="TestCases.TC_01WebDevelopmentCourses"/>
        <method signature="TC_01WebDevelopmentCourses.secondcourse()[pri:4, instance:TestCases.TC_01WebDevelopmentCourses@5dda768f]" name="secondcourse" class="TestCases.TC_01WebDevelopmentCourses"/>
        <method signature="TC_02LanguageLearning.enterprise()[pri:8, instance:TestCases.TC_02LanguageLearning@2925bf5b]" name="enterprise" class="TestCases.TC_02LanguageLearning"/>
        <method signature="TC_03FillingForm.form()[pri:9, instance:TestCases.TC_03FillingForm@710f4dc7]" name="form" class="TestCases.TC_03FillingForm"/>
        <method signature="TC_03FillingForm.error_msg()[pri:10, instance:TestCases.TC_03FillingForm@710f4dc7]" name="error_msg" class="TestCases.TC_03FillingForm"/>
      </group> <!-- sanity -->
    </groups>
    <test started-at="2024-02-28T16:26:12 IST" name="Test" finished-at="2024-02-28T16:29:39 IST" duration-ms="207234">
      <class name="TestCases.TC_03FillingForm">
        <test-method signature="form()[pri:9, instance:TestCases.TC_03FillingForm@710f4dc7]" started-at="2024-02-28T16:29:32 IST" name="form" finished-at="2024-02-28T16:29:36 IST" duration-ms="4576" status="PASS">
          <reporter-output>
          </reporter-output>
        </test-method> <!-- form -->
        <test-method signature="error_msg()[pri:10, instance:TestCases.TC_03FillingForm@710f4dc7]" started-at="2024-02-28T16:29:37 IST" name="error_msg" finished-at="2024-02-28T16:29:37 IST" duration-ms="340" status="PASS">
          <reporter-output>
          </reporter-output>
        </test-method> <!-- error_msg -->
      </class> <!-- TestCases.TC_03FillingForm -->
      <class name="TestCases.TC_01WebDevelopmentCourses">
        <test-method is-config="true" signature="driver_setup(java.lang.String)[pri:0, instance:TestCases.TC_01WebDevelopmentCourses@5dda768f]" started-at="2024-02-28T16:26:13 IST" name="driver_setup" finished-at="2024-02-28T16:27:07 IST" duration-ms="53910" status="PASS">
          <params>
            <param index="0">
              <value>
                <![CDATA[chrome]]>
              </value>
            </param>
          </params>
          <reporter-output>
          </reporter-output>
        </test-method> <!-- driver_setup -->
        <test-method signature="search()[pri:0, instance:TestCases.TC_01WebDevelopmentCourses@5dda768f]" started-at="2024-02-28T16:27:07 IST" name="search" finished-at="2024-02-28T16:27:50 IST" duration-ms="43495" status="PASS">
          <reporter-output>
          </reporter-output>
        </test-method> <!-- search -->
        <test-method signature="filters()[pri:1, instance:TestCases.TC_01WebDevelopmentCourses@5dda768f]" started-at="2024-02-28T16:27:51 IST" name="filters" finished-at="2024-02-28T16:27:52 IST" duration-ms="1090" status="PASS">
          <reporter-output>
          </reporter-output>
        </test-method> <!-- filters -->
        <test-method signature="courses()[pri:2, instance:TestCases.TC_01WebDevelopmentCourses@5dda768f]" started-at="2024-02-28T16:27:53 IST" name="courses" finished-at="2024-02-28T16:27:53 IST" duration-ms="15" status="FAIL">
          <exception class="java.io.FileNotFoundException">
            <message>
              <![CDATA[C:\Users\2303843\eclipse-workspace\IdentifyCourses\testData\Book1.xlsx (The system cannot find the file specified)]]>
            </message>
            <full-stacktrace>
              <![CDATA[java.io.FileNotFoundException: C:\Users\2303843\eclipse-workspace\IdentifyCourses\testData\Book1.xlsx (The system cannot find the file specified)
at java.base/java.io.FileInputStream.open0(Native Method)
at java.base/java.io.FileInputStream.open(FileInputStream.java:216)
at java.base/java.io.FileInputStream.<init>(FileInputStream.java:157)
at java.base/java.io.FileInputStream.<init>(FileInputStream.java:111)
at Utility.excel.setcelldata(excel.java:23)
at TestCases.TC_01WebDevelopmentCourses.courses(TC_01WebDevelopmentCourses.java:50)
at java.base/jdk.internal.reflect.NativeMethodAccessorImpl.invoke0(Native Method)
at java.base/jdk.internal.reflect.NativeMethodAccessorImpl.invoke(NativeMethodAccessorImpl.java:77)
at java.base/jdk.internal.reflect.DelegatingMethodAccessorImpl.invoke(DelegatingMethodAccessorImpl.java:43)
at java.base/java.lang.reflect.Method.invoke(Method.java:568)
at org.testng.internal.invokers.MethodInvocationHelper.invokeMethod(MethodInvocationHelper.java:139)
at org.testng.internal.invokers.TestInvoker.invokeMethod(TestInvoker.java:677)
at org.testng.internal.invokers.TestInvoker.invokeTestMethod(TestInvoker.java:221)
at org.testng.internal.invokers.MethodRunner.runInSequence(MethodRunner.java:50)
at org.testng.internal.invokers.TestInvoker$MethodInvocationAgent.invoke(TestInvoker.java:962)
at org.testng.internal.invokers.TestInvoker.invokeTestMethods(TestInvoker.java:194)
at org.testng.internal.invokers.TestMethodWorker.invokeTestMethods(TestMethodWorker.java:148)
at org.testng.internal.invokers.TestMethodWorker.run(TestMethodWorker.java:128)
at java.base/java.util.ArrayList.forEach(ArrayList.java:1511)
at org.testng.TestRunner.privateRun(TestRunner.java:806)
at org.testng.TestRunner.run(TestRunner.java:601)
at org.testng.SuiteRunner.runTest(SuiteRunner.java:433)
at org.testng.SuiteRunner.runSequentially(SuiteRunner.java:427)
at org.testng.SuiteRunner.privateRun(SuiteRunner.java:387)
at org.testng.SuiteRunner.run(SuiteRunner.java:330)
at org.testng.SuiteRunnerWorker.runSuite(SuiteRunnerWorker.java:52)
at org.testng.SuiteRunnerWorker.run(SuiteRunnerWorker.java:95)
at org.testng.TestNG.runSuitesSequentially(TestNG.java:1256)
at org.testng.TestNG.runSuitesLocally(TestNG.java:1176)
at org.testng.TestNG.runSuites(TestNG.java:1099)
at org.testng.TestNG.run(TestNG.java:1067)
at org.testng.remote.AbstractRemoteTestNG.run(AbstractRemoteTestNG.java:115)
at org.testng.remote.RemoteTestNG.initAndRun(RemoteTestNG.java:251)
at org.testng.remote.RemoteTestNG.main(RemoteTestNG.java:77)
]]>
            </full-stacktrace>
          </exception> <!-- java.io.FileNotFoundException -->
          <reporter-output>
          </reporter-output>
        </test-method> <!-- courses -->
        <test-method signature="firstcourse()[pri:3, instance:TestCases.TC_01WebDevelopmentCourses@5dda768f]" started-at="2024-02-28T16:27:53 IST" name="firstcourse" finished-at="2024-02-28T16:27:54 IST" duration-ms="792" status="PASS">
          <reporter-output>
          </reporter-output>
        </test-method> <!-- firstcourse -->
        <test-method signature="secondcourse()[pri:4, instance:TestCases.TC_01WebDevelopmentCourses@5dda768f]" started-at="2024-02-28T16:27:54 IST" name="secondcourse" finished-at="2024-02-28T16:27:54 IST" duration-ms="200" status="PASS">
          <reporter-output>
          </reporter-output>
        </test-method> <!-- secondcourse -->
        <test-method is-config="true" signature="close_browser()[pri:0, instance:TestCases.TC_01WebDevelopmentCourses@5dda768f]" started-at="2024-02-28T16:29:37 IST" name="close_browser" finished-at="2024-02-28T16:29:39 IST" duration-ms="2183" status="PASS">
          <reporter-output>
          </reporter-output>
        </test-method> <!-- close_browser -->
      </class> <!-- TestCases.TC_01WebDevelopmentCourses -->
      <class name="TestCases.TC_02LanguageLearning">
        <test-method signature="lang_learn()[pri:5, instance:TestCases.TC_02LanguageLearning@2925bf5b]" started-at="2024-02-28T16:27:55 IST" name="lang_learn" finished-at="2024-02-28T16:28:01 IST" duration-ms="6160" status="PASS">
          <reporter-output>
          </reporter-output>
        </test-method> <!-- lang_learn -->
        <test-method signature="levels()[pri:6, instance:TestCases.TC_02LanguageLearning@2925bf5b]" started-at="2024-02-28T16:28:01 IST" name="levels" finished-at="2024-02-28T16:28:01 IST" duration-ms="51" status="FAIL">
          <exception class="java.io.FileNotFoundException">
            <message>
              <![CDATA[C:\Users\2303843\eclipse-workspace\IdentifyCourses\testData\Book1.xlsx (The system cannot find the file specified)]]>
            </message>
            <full-stacktrace>
              <![CDATA[java.io.FileNotFoundException: C:\Users\2303843\eclipse-workspace\IdentifyCourses\testData\Book1.xlsx (The system cannot find the file specified)
at java.base/java.io.FileInputStream.open0(Native Method)
at java.base/java.io.FileInputStream.open(FileInputStream.java:216)
at java.base/java.io.FileInputStream.<init>(FileInputStream.java:157)
at java.base/java.io.FileInputStream.<init>(FileInputStream.java:111)
at Utility.excel.setcelldata(excel.java:23)
at TestCases.TC_02LanguageLearning.levels(TC_02LanguageLearning.java:42)
at java.base/jdk.internal.reflect.NativeMethodAccessorImpl.invoke0(Native Method)
at java.base/jdk.internal.reflect.NativeMethodAccessorImpl.invoke(NativeMethodAccessorImpl.java:77)
at java.base/jdk.internal.reflect.DelegatingMethodAccessorImpl.invoke(DelegatingMethodAccessorImpl.java:43)
at java.base/java.lang.reflect.Method.invoke(Method.java:568)
at org.testng.internal.invokers.MethodInvocationHelper.invokeMethod(MethodInvocationHelper.java:139)
at org.testng.internal.invokers.TestInvoker.invokeMethod(TestInvoker.java:677)
at org.testng.internal.invokers.TestInvoker.invokeTestMethod(TestInvoker.java:221)
at org.testng.internal.invokers.MethodRunner.runInSequence(MethodRunner.java:50)
at org.testng.internal.invokers.TestInvoker$MethodInvocationAgent.invoke(TestInvoker.java:962)
at org.testng.internal.invokers.TestInvoker.invokeTestMethods(TestInvoker.java:194)
at org.testng.internal.invokers.TestMethodWorker.invokeTestMethods(TestMethodWorker.java:148)
at org.testng.internal.invokers.TestMethodWorker.run(TestMethodWorker.java:128)
at java.base/java.util.ArrayList.forEach(ArrayList.java:1511)
at org.testng.TestRunner.privateRun(TestRunner.java:806)
at org.testng.TestRunner.run(TestRunner.java:601)
at org.testng.SuiteRunner.runTest(SuiteRunner.java:433)
at org.testng.SuiteRunner.runSequentially(SuiteRunner.java:427)
at org.testng.SuiteRunner.privateRun(SuiteRunner.java:387)
at org.testng.SuiteRunner.run(SuiteRunner.java:330)
at org.testng.SuiteRunnerWorker.runSuite(SuiteRunnerWorker.java:52)
at org.testng.SuiteRunnerWorker.run(SuiteRunnerWorker.java:95)
at org.testng.TestNG.runSuitesSequentially(TestNG.java:1256)
at org.testng.TestNG.runSuitesLocally(TestNG.java:1176)
at org.testng.TestNG.runSuites(TestNG.java:1099)
at org.testng.TestNG.run(TestNG.java:1067)
at org.testng.remote.AbstractRemoteTestNG.run(AbstractRemoteTestNG.java:115)
at org.testng.remote.RemoteTestNG.initAndRun(RemoteTestNG.java:251)
at org.testng.remote.RemoteTestNG.main(RemoteTestNG.java:77)
]]>
            </full-stacktrace>
          </exception> <!-- java.io.FileNotFoundException -->
          <reporter-output>
          </reporter-output>
        </test-method> <!-- levels -->
        <test-method signature="languages()[pri:7, instance:TestCases.TC_02LanguageLearning@2925bf5b]" started-at="2024-02-28T16:28:02 IST" name="languages" finished-at="2024-02-28T16:28:02 IST" duration-ms="271" status="FAIL">
          <exception class="java.io.FileNotFoundException">
            <message>
              <![CDATA[C:\Users\2303843\eclipse-workspace\IdentifyCourses\testData\Book1.xlsx (The system cannot find the file specified)]]>
            </message>
            <full-stacktrace>
              <![CDATA[java.io.FileNotFoundException: C:\Users\2303843\eclipse-workspace\IdentifyCourses\testData\Book1.xlsx (The system cannot find the file specified)
at java.base/java.io.FileInputStream.open0(Native Method)
at java.base/java.io.FileInputStream.open(FileInputStream.java:216)
at java.base/java.io.FileInputStream.<init>(FileInputStream.java:157)
at java.base/java.io.FileInputStream.<init>(FileInputStream.java:111)
at Utility.excel.setcelldata(excel.java:23)
at TestCases.TC_02LanguageLearning.languages(TC_02LanguageLearning.java:65)
at java.base/jdk.internal.reflect.NativeMethodAccessorImpl.invoke0(Native Method)
at java.base/jdk.internal.reflect.NativeMethodAccessorImpl.invoke(NativeMethodAccessorImpl.java:77)
at java.base/jdk.internal.reflect.DelegatingMethodAccessorImpl.invoke(DelegatingMethodAccessorImpl.java:43)
at java.base/java.lang.reflect.Method.invoke(Method.java:568)
at org.testng.internal.invokers.MethodInvocationHelper.invokeMethod(MethodInvocationHelper.java:139)
at org.testng.internal.invokers.TestInvoker.invokeMethod(TestInvoker.java:677)
at org.testng.internal.invokers.TestInvoker.invokeTestMethod(TestInvoker.java:221)
at org.testng.internal.invokers.MethodRunner.runInSequence(MethodRunner.java:50)
at org.testng.internal.invokers.TestInvoker$MethodInvocationAgent.invoke(TestInvoker.java:962)
at org.testng.internal.invokers.TestInvoker.invokeTestMethods(TestInvoker.java:194)
at org.testng.internal.invokers.TestMethodWorker.invokeTestMethods(TestMethodWorker.java:148)
at org.testng.internal.invokers.TestMethodWorker.run(TestMethodWorker.java:128)
at java.base/java.util.ArrayList.forEach(ArrayList.java:1511)
at org.testng.TestRunner.privateRun(TestRunner.java:806)
at org.testng.TestRunner.run(TestRunner.java:601)
at org.testng.SuiteRunner.runTest(SuiteRunner.java:433)
at org.testng.SuiteRunner.runSequentially(SuiteRunner.java:427)
at org.testng.SuiteRunner.privateRun(SuiteRunner.java:387)
at org.testng.SuiteRunner.run(SuiteRunner.java:330)
at org.testng.SuiteRunnerWorker.runSuite(SuiteRunnerWorker.java:52)
at org.testng.SuiteRunnerWorker.run(SuiteRunnerWorker.java:95)
at org.testng.TestNG.runSuitesSequentially(TestNG.java:1256)
at org.testng.TestNG.runSuitesLocally(TestNG.java:1176)
at org.testng.TestNG.runSuites(TestNG.java:1099)
at org.testng.TestNG.run(TestNG.java:1067)
at org.testng.remote.AbstractRemoteTestNG.run(AbstractRemoteTestNG.java:115)
at org.testng.remote.RemoteTestNG.initAndRun(RemoteTestNG.java:251)
at org.testng.remote.RemoteTestNG.main(RemoteTestNG.java:77)
]]>
            </full-stacktrace>
          </exception> <!-- java.io.FileNotFoundException -->
          <reporter-output>
          </reporter-output>
        </test-method> <!-- languages -->
        <test-method signature="enterprise()[pri:8, instance:TestCases.TC_02LanguageLearning@2925bf5b]" started-at="2024-02-28T16:28:02 IST" name="enterprise" finished-at="2024-02-28T16:29:31 IST" duration-ms="88740" status="PASS">
          <reporter-output>
          </reporter-output>
        </test-method> <!-- enterprise -->
      </class> <!-- TestCases.TC_02LanguageLearning -->
    </test> <!-- Test -->
  </suite> <!-- Suite -->
</testng-results>
